-encoding
UTF-8
-outxml
-source
1.6
-target
1.6
-classpath
C:\Users\Hemu\.m2\repository\junit\junit\4.11\junit-4.11.jar;C:\Users\Hemu\.m2\repository\log4j\log4j\1.2.17\log4j-1.2.17.jar;C:\Users\Hemu\.m2\repository\org\slf4j\slf4j-api\1.7.5\slf4j-api-1.7.5.jar;C:\Users\Hemu\.m2\repository\org\slf4j\jcl-over-slf4j\1.7.5\jcl-over-slf4j-1.7.5.jar;C:\Users\Hemu\.m2\repository\org\slf4j\slf4j-log4j12\1.7.5\slf4j-log4j12-1.7.5.jar;C:\Users\Hemu\.m2\repository\org\aspectj\aspectjrt\1.8.1\aspectjrt-1.8.1.jar;C:\Users\Hemu\.m2\repository\org\aspectj\aspectjweaver\1.8.1\aspectjweaver-1.8.1.jar;C:\Users\Hemu\.m2\repository\javax\servlet\servlet-api\2.5\servlet-api-2.5.jar;C:\Users\Hemu\.m2\repository\net\sf\flexjson\flexjson\2.1\flexjson-2.1.jar;C:\Users\Hemu\.m2\repository\org\apache\commons\commons-lang3\3.1\commons-lang3-3.1.jar;C:\Users\Hemu\.m2\repository\org\springframework\roo\org.springframework.roo.annotations\1.3.2.RELEASE\org.springframework.roo.annotations-1.3.2.RELEASE.jar;C:\Users\Hemu\.m2\repository\org\springframework\spring-core\3.2.8.RELEASE\spring-core-3.2.8.RELEASE.jar;C:\Users\Hemu\.m2\repository\org\springframework\spring-test\3.2.8.RELEASE\spring-test-3.2.8.RELEASE.jar;C:\Users\Hemu\.m2\repository\org\springframework\spring-context\3.2.8.RELEASE\spring-context-3.2.8.RELEASE.jar;C:\Users\Hemu\.m2\repository\org\springframework\spring-aop\3.2.8.RELEASE\spring-aop-3.2.8.RELEASE.jar;C:\Users\Hemu\.m2\repository\org\springframework\spring-aspects\3.2.8.RELEASE\spring-aspects-3.2.8.RELEASE.jar;C:\Users\Hemu\.m2\repository\mysql\mysql-connector-java\5.1.18\mysql-connector-java-5.1.18.jar;C:\Users\Hemu\.m2\repository\org\hibernate\hibernate-core\4.3.6.Final\hibernate-core-4.3.6.Final.jar;C:\Users\Hemu\.m2\repository\org\hibernate\hibernate-entitymanager\4.3.6.Final\hibernate-entitymanager-4.3.6.Final.jar;C:\Users\Hemu\.m2\repository\org\hibernate\javax\persistence\hibernate-jpa-2.1-api\1.0.0.Final\hibernate-jpa-2.1-api-1.0.0.Final.jar;C:\Users\Hemu\.m2\repository\commons-collections\commons-collections\3.2.1\commons-collections-3.2.1.jar;C:\Users\Hemu\.m2\repository\org\hibernate\hibernate-validator\4.3.2.Final\hibernate-validator-4.3.2.Final.jar;C:\Users\Hemu\.m2\repository\javax\validation\validation-api\1.0.0.GA\validation-api-1.0.0.GA.jar;C:\Users\Hemu\.m2\repository\javax\transaction\jta\1.1\jta-1.1.jar;C:\Users\Hemu\.m2\repository\org\springframework\spring-jdbc\3.2.8.RELEASE\spring-jdbc-3.2.8.RELEASE.jar;C:\Users\Hemu\.m2\repository\org\springframework\spring-orm\3.2.8.RELEASE\spring-orm-3.2.8.RELEASE.jar;C:\Users\Hemu\.m2\repository\commons-pool\commons-pool\1.5.6\commons-pool-1.5.6.jar;C:\Users\Hemu\.m2\repository\commons-dbcp\commons-dbcp\1.4\commons-dbcp-1.4.jar;C:\Users\Hemu\.m2\repository\commons-io\commons-io\2.4\commons-io-2.4.jar;C:\Users\Hemu\.m2\repository\commons-codec\commons-codec\1.8\commons-codec-1.8.jar;C:\Users\Hemu\.m2\repository\org\springframework\spring-beans\3.2.8.RELEASE\spring-beans-3.2.8.RELEASE.jar;C:\Users\Hemu\.m2\repository\org\springframework\spring-expression\3.2.8.RELEASE\spring-expression-3.2.8.RELEASE.jar;C:\Users\Hemu\.m2\repository\aopalliance\aopalliance\1.0\aopalliance-1.0.jar;C:\Users\Hemu\.m2\repository\org\jboss\logging\jboss-logging\3.1.3.GA\jboss-logging-3.1.3.GA.jar;C:\Users\Hemu\.m2\repository\org\jboss\logging\jboss-logging-annotations\1.2.0.Beta1\jboss-logging-annotations-1.2.0.Beta1.jar;C:\Users\Hemu\.m2\repository\org\jboss\spec\javax\transaction\jboss-transaction-api_1.2_spec\1.0.0.Final\jboss-transaction-api_1.2_spec-1.0.0.Final.jar;C:\Users\Hemu\.m2\repository\dom4j\dom4j\1.6.1\dom4j-1.6.1.jar;C:\Users\Hemu\.m2\repository\xml-apis\xml-apis\1.0.b2\xml-apis-1.0.b2.jar;C:\Users\Hemu\.m2\repository\org\hibernate\common\hibernate-commons-annotations\4.0.5.Final\hibernate-commons-annotations-4.0.5.Final.jar;C:\Users\Hemu\.m2\repository\org\javassist\javassist\3.18.1-GA\javassist-3.18.1-GA.jar;C:\Users\Hemu\.m2\repository\antlr\antlr\2.7.7\antlr-2.7.7.jar;C:\Users\Hemu\.m2\repository\org\jboss\jandex\1.1.0.Final\jandex-1.1.0.Final.jar;C:\Users\Hemu\.m2\repository\org\springframework\spring-tx\3.2.8.RELEASE\spring-tx-3.2.8.RELEASE.jar;E:\work\equisettle\equiSettleWorking\foundation\target\classes
-aspectpath
C:\Users\Hemu\.m2\repository\org\springframework\spring-aspects\3.2.8.RELEASE\spring-aspects-3.2.8.RELEASE.jar
-d
E:\work\equisettle\equiSettleWorking\foundation\target\classes
E:\work\equisettle\equiSettleWorking\foundation\src\main\java\com\equisettle\foundation\domain\Case.java
E:\work\equisettle\equiSettleWorking\foundation\src\main\java\com\equisettle\foundation\domain\CaseDocument.java
E:\work\equisettle\equiSettleWorking\foundation\src\main\java\com\equisettle\foundation\domain\CaseDocument_Roo_Configurable.aj
E:\work\equisettle\equiSettleWorking\foundation\src\main\java\com\equisettle\foundation\domain\CaseDocument_Roo_DbManaged.aj
E:\work\equisettle\equiSettleWorking\foundation\src\main\java\com\equisettle\foundation\domain\CaseDocument_Roo_Jpa_ActiveRecord.aj
E:\work\equisettle\equiSettleWorking\foundation\src\main\java\com\equisettle\foundation\domain\CaseDocument_Roo_Jpa_Entity.aj
E:\work\equisettle\equiSettleWorking\foundation\src\main\java\com\equisettle\foundation\domain\CaseDocument_Roo_Json.aj
E:\work\equisettle\equiSettleWorking\foundation\src\main\java\com\equisettle\foundation\domain\CaseDocument_Roo_ToString.aj
E:\work\equisettle\equiSettleWorking\foundation\src\main\java\com\equisettle\foundation\domain\CaseNegotiation.java
E:\work\equisettle\equiSettleWorking\foundation\src\main\java\com\equisettle\foundation\domain\CaseNegotiation_Roo_Configurable.aj
E:\work\equisettle\equiSettleWorking\foundation\src\main\java\com\equisettle\foundation\domain\CaseNegotiation_Roo_DbManaged.aj
E:\work\equisettle\equiSettleWorking\foundation\src\main\java\com\equisettle\foundation\domain\CaseNegotiation_Roo_Jpa_ActiveRecord.aj
E:\work\equisettle\equiSettleWorking\foundation\src\main\java\com\equisettle\foundation\domain\CaseNegotiation_Roo_Jpa_Entity.aj
E:\work\equisettle\equiSettleWorking\foundation\src\main\java\com\equisettle\foundation\domain\CaseNegotiation_Roo_Json.aj
E:\work\equisettle\equiSettleWorking\foundation\src\main\java\com\equisettle\foundation\domain\CaseNegotiation_Roo_ToString.aj
E:\work\equisettle\equiSettleWorking\foundation\src\main\java\com\equisettle\foundation\domain\CaseStatus.java
E:\work\equisettle\equiSettleWorking\foundation\src\main\java\com\equisettle\foundation\domain\CaseStatus_Roo_Configurable.aj
E:\work\equisettle\equiSettleWorking\foundation\src\main\java\com\equisettle\foundation\domain\CaseStatus_Roo_DbManaged.aj
E:\work\equisettle\equiSettleWorking\foundation\src\main\java\com\equisettle\foundation\domain\CaseStatus_Roo_Jpa_ActiveRecord.aj
E:\work\equisettle\equiSettleWorking\foundation\src\main\java\com\equisettle\foundation\domain\CaseStatus_Roo_Jpa_Entity.aj
E:\work\equisettle\equiSettleWorking\foundation\src\main\java\com\equisettle\foundation\domain\CaseStatus_Roo_Json.aj
E:\work\equisettle\equiSettleWorking\foundation\src\main\java\com\equisettle\foundation\domain\CaseStatus_Roo_ToString.aj
E:\work\equisettle\equiSettleWorking\foundation\src\main\java\com\equisettle\foundation\domain\CaseType.java
E:\work\equisettle\equiSettleWorking\foundation\src\main\java\com\equisettle\foundation\domain\CaseType_Roo_Configurable.aj
E:\work\equisettle\equiSettleWorking\foundation\src\main\java\com\equisettle\foundation\domain\CaseType_Roo_DbManaged.aj
E:\work\equisettle\equiSettleWorking\foundation\src\main\java\com\equisettle\foundation\domain\CaseType_Roo_Jpa_ActiveRecord.aj
E:\work\equisettle\equiSettleWorking\foundation\src\main\java\com\equisettle\foundation\domain\CaseType_Roo_Jpa_Entity.aj
E:\work\equisettle\equiSettleWorking\foundation\src\main\java\com\equisettle\foundation\domain\CaseType_Roo_Json.aj
E:\work\equisettle\equiSettleWorking\foundation\src\main\java\com\equisettle\foundation\domain\CaseType_Roo_ToString.aj
E:\work\equisettle\equiSettleWorking\foundation\src\main\java\com\equisettle\foundation\domain\Case_Roo_Configurable.aj
E:\work\equisettle\equiSettleWorking\foundation\src\main\java\com\equisettle\foundation\domain\Case_Roo_DbManaged.aj
E:\work\equisettle\equiSettleWorking\foundation\src\main\java\com\equisettle\foundation\domain\Case_Roo_Jpa_ActiveRecord.aj
E:\work\equisettle\equiSettleWorking\foundation\src\main\java\com\equisettle\foundation\domain\Case_Roo_Jpa_Entity.aj
E:\work\equisettle\equiSettleWorking\foundation\src\main\java\com\equisettle\foundation\domain\Case_Roo_Json.aj
E:\work\equisettle\equiSettleWorking\foundation\src\main\java\com\equisettle\foundation\domain\Case_Roo_ToString.aj
E:\work\equisettle\equiSettleWorking\foundation\src\main\java\com\equisettle\foundation\domain\Client.java
E:\work\equisettle\equiSettleWorking\foundation\src\main\java\com\equisettle\foundation\domain\Client_Roo_Configurable.aj
E:\work\equisettle\equiSettleWorking\foundation\src\main\java\com\equisettle\foundation\domain\Client_Roo_DbManaged.aj
E:\work\equisettle\equiSettleWorking\foundation\src\main\java\com\equisettle\foundation\domain\Client_Roo_Jpa_ActiveRecord.aj
E:\work\equisettle\equiSettleWorking\foundation\src\main\java\com\equisettle\foundation\domain\Client_Roo_Jpa_Entity.aj
E:\work\equisettle\equiSettleWorking\foundation\src\main\java\com\equisettle\foundation\domain\Client_Roo_Json.aj
E:\work\equisettle\equiSettleWorking\foundation\src\main\java\com\equisettle\foundation\domain\Client_Roo_ToString.aj
E:\work\equisettle\equiSettleWorking\foundation\src\main\java\com\equisettle\foundation\domain\Country.java
E:\work\equisettle\equiSettleWorking\foundation\src\main\java\com\equisettle\foundation\domain\Country_Roo_Configurable.aj
E:\work\equisettle\equiSettleWorking\foundation\src\main\java\com\equisettle\foundation\domain\Country_Roo_DbManaged.aj
E:\work\equisettle\equiSettleWorking\foundation\src\main\java\com\equisettle\foundation\domain\Country_Roo_Jpa_ActiveRecord.aj
E:\work\equisettle\equiSettleWorking\foundation\src\main\java\com\equisettle\foundation\domain\Country_Roo_Jpa_Entity.aj
E:\work\equisettle\equiSettleWorking\foundation\src\main\java\com\equisettle\foundation\domain\Country_Roo_Json.aj
E:\work\equisettle\equiSettleWorking\foundation\src\main\java\com\equisettle\foundation\domain\Country_Roo_ToString.aj
E:\work\equisettle\equiSettleWorking\foundation\src\main\java\com\equisettle\foundation\domain\Mediator.java
E:\work\equisettle\equiSettleWorking\foundation\src\main\java\com\equisettle\foundation\domain\MediatorType.java
E:\work\equisettle\equiSettleWorking\foundation\src\main\java\com\equisettle\foundation\domain\MediatorType_Roo_Configurable.aj
E:\work\equisettle\equiSettleWorking\foundation\src\main\java\com\equisettle\foundation\domain\MediatorType_Roo_DbManaged.aj
E:\work\equisettle\equiSettleWorking\foundation\src\main\java\com\equisettle\foundation\domain\MediatorType_Roo_Jpa_ActiveRecord.aj
E:\work\equisettle\equiSettleWorking\foundation\src\main\java\com\equisettle\foundation\domain\MediatorType_Roo_Jpa_Entity.aj
E:\work\equisettle\equiSettleWorking\foundation\src\main\java\com\equisettle\foundation\domain\MediatorType_Roo_Json.aj
E:\work\equisettle\equiSettleWorking\foundation\src\main\java\com\equisettle\foundation\domain\MediatorType_Roo_ToString.aj
E:\work\equisettle\equiSettleWorking\foundation\src\main\java\com\equisettle\foundation\domain\Mediator_Roo_Configurable.aj
E:\work\equisettle\equiSettleWorking\foundation\src\main\java\com\equisettle\foundation\domain\Mediator_Roo_DbManaged.aj
E:\work\equisettle\equiSettleWorking\foundation\src\main\java\com\equisettle\foundation\domain\Mediator_Roo_Jpa_ActiveRecord.aj
E:\work\equisettle\equiSettleWorking\foundation\src\main\java\com\equisettle\foundation\domain\Mediator_Roo_Jpa_Entity.aj
E:\work\equisettle\equiSettleWorking\foundation\src\main\java\com\equisettle\foundation\domain\Mediator_Roo_Json.aj
E:\work\equisettle\equiSettleWorking\foundation\src\main\java\com\equisettle\foundation\domain\Mediator_Roo_ToString.aj
